<?xml version="1.0" encoding="UTF-8"?>
<testsuite xmlns:xsi="http://www.w3.org/2001/XMLSchema-instance" xsi:noNamespaceSchemaLocation="https://maven.apache.org/surefire/maven-surefire-plugin/xsd/surefire-test-report-3.0.xsd" version="3.0" name="EmprestimoTest" time="0.153" tests="5" errors="0" skipped="0" failures="0">
  <properties>
    <property name="java.specification.version" value="18"/>
    <property name="sun.cpu.isalist" value="amd64"/>
    <property name="sun.jnu.encoding" value="Cp1252"/>
    <property name="java.class.path" value="D:\Facu\4ano\Engenharia_Software_III\Testes\Emprestimo\biblioteca\target\test-classes;D:\Facu\4ano\Engenharia_Software_III\Testes\Emprestimo\biblioteca\target\classes;C:\Users\joaod\.m2\repository\junit\junit\4.13\junit-4.13.jar;C:\Users\joaod\.m2\repository\org\hamcrest\hamcrest-core\1.3\hamcrest-core-1.3.jar;"/>
    <property name="java.vm.vendor" value="Oracle Corporation"/>
    <property name="sun.arch.data.model" value="64"/>
    <property name="user.variant" value=""/>
    <property name="java.vendor.url" value="https://java.oracle.com/"/>
    <property name="user.timezone" value="America/Sao_Paulo"/>
    <property name="os.name" value="Windows 11"/>
    <property name="java.vm.specification.version" value="18"/>
    <property name="user.country" value="BR"/>
    <property name="sun.java.launcher" value="SUN_STANDARD"/>
    <property name="sun.boot.library.path" value="C:\Program Files\Java\jdk-18.0.2.1\bin"/>
    <property name="sun.java.command" value="C:\Users\joaod\AppData\Local\Temp\surefire15989973850287402935\surefirebooter-20241110164851871_3.jar C:\Users\joaod\AppData\Local\Temp\surefire15989973850287402935 2024-11-10T16-48-51_623-jvmRun1 surefire-20241110164851871_1tmp surefire_0-20241110164851871_2tmp"/>
    <property name="jdk.debug" value="release"/>
    <property name="test" value="EmprestimoTest"/>
    <property name="surefire.test.class.path" value="D:\Facu\4ano\Engenharia_Software_III\Testes\Emprestimo\biblioteca\target\test-classes;D:\Facu\4ano\Engenharia_Software_III\Testes\Emprestimo\biblioteca\target\classes;C:\Users\joaod\.m2\repository\junit\junit\4.13\junit-4.13.jar;C:\Users\joaod\.m2\repository\org\hamcrest\hamcrest-core\1.3\hamcrest-core-1.3.jar;"/>
    <property name="sun.cpu.endian" value="little"/>
    <property name="user.home" value="C:\Users\joaod"/>
    <property name="user.language" value="pt"/>
    <property name="java.specification.vendor" value="Oracle Corporation"/>
    <property name="java.version.date" value="2022-08-18"/>
    <property name="java.home" value="C:\Program Files\Java\jdk-18.0.2.1"/>
    <property name="file.separator" value="\"/>
    <property name="basedir" value="D:\Facu\4ano\Engenharia_Software_III\Testes\Emprestimo\biblioteca"/>
    <property name="java.vm.compressedOopsMode" value="Zero based"/>
    <property name="line.separator" value="&#10;"/>
    <property name="java.vm.specification.vendor" value="Oracle Corporation"/>
    <property name="java.specification.name" value="Java Platform API Specification"/>
    <property name="surefire.real.class.path" value="C:\Users\joaod\AppData\Local\Temp\surefire15989973850287402935\surefirebooter-20241110164851871_3.jar"/>
    <property name="user.script" value=""/>
    <property name="sun.management.compiler" value="HotSpot 64-Bit Tiered Compilers"/>
    <property name="java.runtime.version" value="18.0.2.1+1-1"/>
    <property name="user.name" value="joaod"/>
    <property name="path.separator" value=";"/>
    <property name="os.version" value="10.0"/>
    <property name="java.runtime.name" value="Java(TM) SE Runtime Environment"/>
    <property name="file.encoding" value="UTF-8"/>
    <property name="java.vm.name" value="Java HotSpot(TM) 64-Bit Server VM"/>
    <property name="maven.ext.class.path" value="C:\Users\joaod\.vscode\extensions\oracle.oracle-java-23.0.0\nbcode\java\maven-nblib\netbeans-eventspy.jar"/>
    <property name="localRepository" value="C:\Users\joaod\.m2\repository"/>
    <property name="java.vendor.url.bug" value="https://bugreport.java.com/bugreport/"/>
    <property name="java.io.tmpdir" value="C:\Users\joaod\AppData\Local\Temp\"/>
    <property name="java.version" value="18.0.2.1"/>
    <property name="user.dir" value="D:\Facu\4ano\Engenharia_Software_III\Testes\Emprestimo\biblioteca"/>
    <property name="os.arch" value="amd64"/>
    <property name="java.vm.specification.name" value="Java Virtual Machine Specification"/>
    <property name="sun.os.patch.level" value=""/>
    <property name="native.encoding" value="Cp1252"/>
    <property name="java.library.path" value="C:\Program Files\Java\jdk-18.0.2.1\bin;C:\Windows\Sun\Java\bin;C:\Windows\system32;C:\Windows;C:\Program Files\NVIDIA GPU Computing Toolkit\CUDA\v11.2\bin;C:\Program Files\NVIDIA GPU Computing Toolkit\CUDA\v11.2\libnvvp;C:\ProgramData\Oracle\Java\javapath;C:\Program Files\Common Files\Oracle\Java\javapath;C:\Program Files (x86)\Common Files\Oracle\Java\java8path;C:\Program Files (x86)\Common Files\Oracle\Java\javapath;C:\Python312\Scripts\;C:\Python312\;C:\Windows\system32;C:\Windows;C:\Windows\System32\Wbem;C:\Windows\System32\WindowsPowerShell\v1.0\;C:\Windows\System32\OpenSSH\;C:\Program Files (x86)\NVIDIA Corporation\PhysX\Common;C:\Program Files\NVIDIA Corporation\NVIDIA NvDLISR;C:\Program Files\nodejs\;C:\ProgramData\chocolatey\bin;C:\Program Files\Git\cmd;C:\Users\joaod\AppData\Roaming\npm;C:\Users\joaod\AppData\Roaming\npm\expo.ps1;C:\MinGW\bin;C:\Program Files\Java\jdk-18.0.2.1\bin;C:\Program Files\usbipd-win\;C:\Users\joaod\Downloads\apache-maven-3.9.9-bin\apache-maven-3.9.9\bin;C:\Program Files\NVIDIA Corporation\Nsight Compute 2020.3.0\;C:\Users\joaod\AppData\Local\Microsoft\WindowsApps;C:\Users\joaod\AppData\Local\Programs\Microsoft VS Code\bin;C:\Users\joaod\AppData\Roaming\npm;C:\Users\joaod\AppData\Roaming\Python\Python312\Scripts;C:\Users\joaod\AppData\Roaming\npm;C:\Users\joaod\AppData\Roaming\npm\expo.ps1;C:\Program Files\JetBrains\IntelliJ IDEA 2024.1.4\bin;;C:\Program Files\Java\jdk-18.0.2.1\bin;;."/>
    <property name="java.vm.info" value="mixed mode, sharing"/>
    <property name="java.vendor" value="Oracle Corporation"/>
    <property name="java.vm.version" value="18.0.2.1+1-1"/>
    <property name="sun.io.unicode.encoding" value="UnicodeLittle"/>
    <property name="java.class.version" value="62.0"/>
  </properties>
  <testcase name="testCalculaDataDevolucaoCaso1" classname="EmprestimoTest" time="0.012"/>
  <testcase name="testCalculaDataDevolucaoCaso2" classname="EmprestimoTest" time="0.003"/>
  <testcase name="testCalculaDataDevolucaoCaso3" classname="EmprestimoTest" time="0.001"/>
  <testcase name="testCalculaDataDevolucaoCaso4" classname="EmprestimoTest" time="0.003"/>
  <testcase name="testCalculaDataDevolucaoCaso5" classname="EmprestimoTest" time="0.004"/>
</testsuite>